This is XeTeX, Version 3.14159265-2.6-0.99998 (TeX Live 2017/W32TeX) (preloaded format=xelatex 2018.5.9)  23 MAY 2018 22:29
entering extended mode
 restricted \write18 enabled.
 %&-line parsing enabled.
**./acknowledgement.tex
(./acknowledgement.tex
LaTeX2e <2017-04-15>
Babel <3.10> and hyphenation patterns for 84 language(s) loaded.

! LaTeX Error: Environment acknowledgement undefined.

See the LaTeX manual or LaTeX Companion for explanation.
Type  H <return>  for immediate help.
 ...                                              
                                                  
l.1 \begin{acknowledgement}
                           
Your command was ignored.
Type  I <command> <return>  to replace it with another command,
or  <return>  to continue without it.


! LaTeX Error: Missing \begin{document}.

See the LaTeX manual or LaTeX Companion for explanation.
Type  H <return>  for immediate help.
 ...                                              
                                                  
l.2 \par åœ¨
            æœ¬æ–‡çš„çš„å·¥ä½œæ˜¯åœ¨é­æ’å³°è€å¸ˆçš„æ‚‰å¿ƒæŒ‡å¯¼ä¸‹å®Œæˆç...

You're in trouble here.  Try typing  <return>  to proceed.
If that doesn't work, type  X <return>  to quit.

Missing character: There is no åœ¨ in font nullfont!
Missing character: There is no æœ¬ in font nullfont!
Missing character: There is no æ–‡ in font nullfont!
Missing character: There is no çš„ in font nullfont!
Missing character: There is no çš„ in font nullfont!
Missing character: There is no å·¥ in font nullfont!
Missing character: There is no ä½œ in font nullfont!
Missing character: There is no æ˜¯ in font nullfont!
Missing character: There is no åœ¨ in font nullfont!
Missing character: There is no é­ in font nullfont!
Missing character: There is no æ’ in font nullfont!
Missing character: There is no å³° in font nullfont!
Missing character: There is no è€ in font nullfont!
Missing character: There is no å¸ˆ in font nullfont!
Missing character: There is no çš„ in font nullfont!
Missing character: There is no æ‚‰ in font nullfont!
Missing character: There is no å¿ƒ in font nullfont!
Missing character: There is no æŒ‡ in font nullfont!
Missing character: There is no å¯¼ in font nullfont!
Missing character: There is no ä¸‹ in font nullfont!
Missing character: There is no å®Œ in font nullfont!
Missing character: There is no æˆ in font nullfont!
Missing character: There is no çš„ in font nullfont!
Missing character: There is no ï¼Œ in font nullfont!
Missing character: There is no é­ in font nullfont!
Missing character: There is no è€ in font nullfont!
Missing character: There is no å¸ˆ in font nullfont!
Missing character: There is no ä¸¥ in font nullfont!
Missing character: There is no è°¨ in font nullfont!
Missing character: There is no çš„ in font nullfont!
Missing character: There is no æ²» in font nullfont!
Missing character: There is no å­¦ in font nullfont!
Missing character: There is no æ€ in font nullfont!
Missing character: There is no åº¦ in font nullfont!
Missing character: There is no å’Œ in font nullfont!
Missing character: There is no è®¤ in font nullfont!
Missing character: There is no çœŸ in font nullfont!
Missing character: There is no çš„ in font nullfont!
Missing character: There is no å·¥ in font nullfont!
Missing character: There is no ä½œ in font nullfont!
Missing character: There is no æ–¹ in font nullfont!
Missing character: There is no æ³• in font nullfont!
Missing character: There is no ç»™ in font nullfont!
Missing character: There is no äº† in font nullfont!
Missing character: There is no æˆ‘ in font nullfont!
Missing character: There is no æ in font nullfont!
Missing character: There is no å¤§ in font nullfont!
Missing character: There is no çš„ in font nullfont!
Missing character: There is no å¸® in font nullfont!
Missing character: There is no åŠ© in font nullfont!
Missing character: There is no å’Œ in font nullfont!
Missing character: There is no å½± in font nullfont!
Missing character: There is no å“ in font nullfont!
Missing character: There is no ï¼Œ in font nullfont!
Missing character: There is no åœ¨ in font nullfont!
Missing character: There is no ç›¸ in font nullfont!
Missing character: There is no å…³ in font nullfont!
Missing character: There is no çŸ¥ in font nullfont!
Missing character: There is no è¯† in font nullfont!
Missing character: There is no çš„ in font nullfont!
Missing character: There is no å­¦ in font nullfont!
Missing character: There is no ä¹  in font nullfont!
Missing character: There is no ã€ in font nullfont!
Missing character: There is no å® in font nullfont!
Missing character: There is no éªŒ in font nullfont!
Missing character: There is no è¿‡ in font nullfont!
Missing character: There is no ç¨‹ in font nullfont!
Missing character: There is no ä»¥ in font nullfont!
Missing character: There is no åŠ in font nullfont!
Missing character: There is no è®º in font nullfont!
Missing character: There is no æ–‡ in font nullfont!
Missing character: There is no çš„ in font nullfont!
Missing character: There is no å†™ in font nullfont!
Missing character: There is no ä½œ in font nullfont!
Missing character: There is no è¿‡ in font nullfont!
Missing character: There is no ç¨‹ in font nullfont!
Missing character: There is no ä¸­ in font nullfont!
Missing character: There is no éƒ½ in font nullfont!
Missing character: There is no ç»™ in font nullfont!
Missing character: There is no äºˆ in font nullfont!
Missing character: There is no äº† in font nullfont!
Missing character: There is no æˆ‘ in font nullfont!
Missing character: There is no è« in font nullfont!
Missing character: There is no å¤§ in font nullfont!
Missing character: There is no çš„ in font nullfont!
Missing character: There is no å¸® in font nullfont!
Missing character: There is no åŠ© in font nullfont!
Missing character: There is no ï¼Œ in font nullfont!
Missing character: There is no åœ¨ in font nullfont!
Missing character: There is no æ­¤ in font nullfont!
Missing character: There is no è¡· in font nullfont!
Missing character: There is no å¿ƒ in font nullfont!
Missing character: There is no æ„Ÿ in font nullfont!
Missing character: There is no è°¢ in font nullfont!
Missing character: There is no é­ in font nullfont!
Missing character: There is no è€ in font nullfont!
Missing character: There is no å¸ˆ in font nullfont!
Missing character: There is no è¿™ in font nullfont!
Missing character: There is no åŠ in font nullfont!
Missing character: There is no å¹´ in font nullfont!
Missing character: There is no çš„ in font nullfont!
Missing character: There is no å…³ in font nullfont!
Missing character: There is no å¿ƒ in font nullfont!
Missing character: There is no å’Œ in font nullfont!
Missing character: There is no æŒ‡ in font nullfont!
Missing character: There is no å¯¼ in font nullfont!
Missing character: There is no ã€‚ in font nullfont!

Overfull \hbox (20.0pt too wide) in paragraph at lines 2--3
[] 
 []


! LaTeX Error: Missing \begin{document}.

See the LaTeX manual or LaTeX Companion for explanation.
Type  H <return>  for immediate help.
 ...                                              
                                                  
l.3 \par å…¶
            æ¬¡ï¼Œä¹Ÿè¦æ„Ÿè°¢é»„å®‡è€å¸ˆå’Œé©¬æ™“æ˜Ÿè€å¸ˆï¼Œåœ¨æˆ‘çš„å­¦ä...

You're in trouble here.  Try typing  <return>  to proceed.
If that doesn't work, type  X <return>  to quit.

Missing character: There is no å…¶ in font nullfont!
Missing character: There is no æ¬¡ in font nullfont!
Missing character: There is no ï¼Œ in font nullfont!
Missing character: There is no ä¹Ÿ in font nullfont!
Missing character: There is no è¦ in font nullfont!
Missing character: There is no æ„Ÿ in font nullfont!
Missing character: There is no è°¢ in font nullfont!
Missing character: There is no é»„ in font nullfont!
Missing character: There is no å®‡ in font nullfont!
Missing character: There is no è€ in font nullfont!
Missing character: There is no å¸ˆ in font nullfont!
Missing character: There is no å’Œ in font nullfont!
Missing character: There is no é©¬ in font nullfont!
Missing character: There is no æ™“ in font nullfont!
Missing character: There is no æ˜Ÿ in font nullfont!
Missing character: There is no è€ in font nullfont!
Missing character: There is no å¸ˆ in font nullfont!
Missing character: There is no ï¼Œ in font nullfont!
Missing character: There is no åœ¨ in font nullfont!
Missing character: There is no æˆ‘ in font nullfont!
Missing character: There is no çš„ in font nullfont!
Missing character: There is no å­¦ in font nullfont!
Missing character: There is no ä¹  in font nullfont!
Missing character: There is no å’Œ in font nullfont!
Missing character: There is no å® in font nullfont!
Missing character: There is no éªŒ in font nullfont!
Missing character: There is no è¿‡ in font nullfont!
Missing character: There is no ç¨‹ in font nullfont!
Missing character: There is no ä¸­ in font nullfont!
Missing character: There is no ä¹Ÿ in font nullfont!
Missing character: There is no ç»™ in font nullfont!
Missing character: There is no å‡º in font nullfont!
Missing character: There is no äº† in font nullfont!
Missing character: There is no å® in font nullfont!
Missing character: There is no è´µ in font nullfont!
Missing character: There is no çš„ in font nullfont!
Missing character: There is no æŒ‡ in font nullfont!
Missing character: There is no å¯¼ in font nullfont!
Missing character: There is no å’Œ in font nullfont!
Missing character: There is no å»º in font nullfont!
Missing character: There is no è®® in font nullfont!
Missing character: There is no ã€‚ in font nullfont!

Overfull \hbox (20.0pt too wide) in paragraph at lines 3--4
[] 
 []


! LaTeX Error: Missing \begin{document}.

See the LaTeX manual or LaTeX Companion for explanation.
Type  H <return>  for immediate help.
 ...                                              
                                                  
l.4 \par ä»¥
            åŠæ„Ÿè°¢æˆ‘çš„åŒå­¦ä»¬ï¼Œæœ‰å¹¸ä¸æ˜“æ˜Ÿè¾°ï¼Œç‹èŠ·èŠ™ï¼Œå”ç...

You're in trouble here.  Try typing  <return>  to proceed.
If that doesn't work, type  X <return>  to quit.

Missing character: There is no ä»¥ in font nullfont!
Missing character: There is no åŠ in font nullfont!
Missing character: There is no æ„Ÿ in font nullfont!
Missing character: There is no è°¢ in font nullfont!
Missing character: There is no æˆ‘ in font nullfont!
Missing character: There is no çš„ in font nullfont!
Missing character: There is no åŒ in font nullfont!
Missing character: There is no å­¦ in font nullfont!
Missing character: There is no ä»¬ in font nullfont!
Missing character: There is no ï¼Œ in font nullfont!
Missing character: There is no æœ‰ in font nullfont!
Missing character: There is no å¹¸ in font nullfont!
Missing character: There is no ä¸ in font nullfont!
Missing character: There is no æ˜“ in font nullfont!
Missing character: There is no æ˜Ÿ in font nullfont!
Missing character: There is no è¾° in font nullfont!
Missing character: There is no ï¼Œ in font nullfont!
Missing character: There is no ç‹ in font nullfont!
Missing character: There is no èŠ· in font nullfont!
Missing character: There is no èŠ™ in font nullfont!
Missing character: There is no ï¼Œ in font nullfont!
Missing character: There is no å” in font nullfont!
Missing character: There is no ç‘ in font nullfont!
Missing character: There is no æ³½ in font nullfont!
Missing character: There is no ç­‰ in font nullfont!
Missing character: There is no åŒ in font nullfont!
Missing character: There is no å­¦ in font nullfont!
Missing character: There is no åœ¨ in font nullfont!
Missing character: There is no è®¨ in font nullfont!
Missing character: There is no è®º in font nullfont!
Missing character: There is no ç­ in font nullfont!
Missing character: There is no ä¸­ in font nullfont!
Missing character: There is no çš„ in font nullfont!
Missing character: There is no å…± in font nullfont!
Missing character: There is no åŒ in font nullfont!
Missing character: There is no å­¦ in font nullfont!
Missing character: There is no ä¹  in font nullfont!
Missing character: There is no å’Œ in font nullfont!
Missing character: There is no è¿› in font nullfont!
Missing character: There is no æ­¥ in font nullfont!
Missing character: There is no ï¼Œ in font nullfont!
Missing character: There is no æ„Ÿ in font nullfont!
Missing character: There is no è°¢ in font nullfont!
Missing character: There is no é»„ in font nullfont!
Missing character: There is no å¥• in font nullfont!
Missing character: There is no å­¦ in font nullfont!
Missing character: There is no é•¿ in font nullfont!
Missing character: There is no ï¼Œ in font nullfont!
Missing character: There is no å¼  in font nullfont!
Missing character: There is no å®‡ in font nullfont!
Missing character: There is no å¥‡ in font nullfont!
Missing character: There is no å­¦ in font nullfont!
Missing character: There is no é•¿ in font nullfont!
Missing character: There is no åœ¨ in font nullfont!
Missing character: There is no æˆ‘ in font nullfont!
Missing character: There is no å® in font nullfont!
Missing character: There is no éªŒ in font nullfont!
Missing character: There is no è¿‡ in font nullfont!
Missing character: There is no ç¨‹ in font nullfont!
Missing character: There is no ä¸­ in font nullfont!
Missing character: There is no ç»™ in font nullfont!
Missing character: There is no ä¸ in font nullfont!
Missing character: There is no çš„ in font nullfont!
Missing character: There is no å¸® in font nullfont!
Missing character: There is no åŠ© in font nullfont!
Missing character: There is no å’Œ in font nullfont!
Missing character: There is no æŒ‡ in font nullfont!
Missing character: There is no å¯¼ in font nullfont!
Missing character: There is no ã€‚ in font nullfont!
Missing character: There is no æ„Ÿ in font nullfont!
Missing character: There is no è°¢ in font nullfont!
Missing character: There is no ç¼ª in font nullfont!
Missing character: There is no å¨… in font nullfont!
Missing character: There is no ï¼Œ in font nullfont!
Missing character: There is no è°¢ in font nullfont!
Missing character: There is no è°¢ in font nullfont!
Missing character: There is no ä½  in font nullfont!
Missing character: There is no çš„ in font nullfont!
Missing character: There is no ç† in font nullfont!
Missing character: There is no è§£ in font nullfont!
Missing character: There is no å’Œ in font nullfont!
Missing character: There is no é™ª in font nullfont!
Missing character: There is no ä¼´ in font nullfont!
Missing character: There is no ã€‚ in font nullfont!

Overfull \hbox (20.0pt too wide) in paragraph at lines 4--5
[] 
 []


! LaTeX Error: Missing \begin{document}.

See the LaTeX manual or LaTeX Companion for explanation.
Type  H <return>  for immediate help.
 ...                                              
                                                  
l.5 \par æœ€
            åï¼Œæ„Ÿè°¢æˆ‘çš„çˆ¶æ¯ï¼Œè°¢è°¢ä½ ä»¬ä¸€ç›´å…³å¿ƒç€æˆ‘ï¼Œä¸€ç...

You're in trouble here.  Try typing  <return>  to proceed.
If that doesn't work, type  X <return>  to quit.

Missing character: There is no æœ€ in font nullfont!
Missing character: There is no å in font nullfont!
Missing character: There is no ï¼Œ in font nullfont!
Missing character: There is no æ„Ÿ in font nullfont!
Missing character: There is no è°¢ in font nullfont!
Missing character: There is no æˆ‘ in font nullfont!
Missing character: There is no çš„ in font nullfont!
Missing character: There is no çˆ¶ in font nullfont!
Missing character: There is no æ¯ in font nullfont!
Missing character: There is no ï¼Œ in font nullfont!
Missing character: There is no è°¢ in font nullfont!
Missing character: There is no è°¢ in font nullfont!
Missing character: There is no ä½  in font nullfont!
Missing character: There is no ä»¬ in font nullfont!
Missing character: There is no ä¸€ in font nullfont!
Missing character: There is no ç›´ in font nullfont!
Missing character: There is no å…³ in font nullfont!
Missing character: There is no å¿ƒ in font nullfont!
Missing character: There is no ç€ in font nullfont!
Missing character: There is no æˆ‘ in font nullfont!
Missing character: There is no ï¼Œ in font nullfont!
Missing character: There is no ä¸€ in font nullfont!
Missing character: There is no ç›´ in font nullfont!
Missing character: There is no ç»™ in font nullfont!
Missing character: There is no æˆ‘ in font nullfont!
Missing character: There is no æ—  in font nullfont!
Missing character: There is no ç§ in font nullfont!
Missing character: There is no çš„ in font nullfont!
Missing character: There is no çˆ± in font nullfont!
Missing character: There is no ï¼Œ in font nullfont!
Missing character: There is no ä½  in font nullfont!
Missing character: There is no ä»¬ in font nullfont!
Missing character: There is no çš„ in font nullfont!
Missing character: There is no æ”¯ in font nullfont!
Missing character: There is no æŒ in font nullfont!
Missing character: There is no æ˜¯ in font nullfont!
Missing character: There is no æˆ‘ in font nullfont!
Missing character: There is no é¡º in font nullfont!
Missing character: There is no åˆ© in font nullfont!
Missing character: There is no å®Œ in font nullfont!
Missing character: There is no æˆ in font nullfont!
Missing character: There is no å­¦ in font nullfont!
Missing character: There is no ä¸š in font nullfont!
Missing character: There is no çš„ in font nullfont!
Missing character: There is no æœ€ in font nullfont!
Missing character: There is no å¤§ in font nullfont!
Missing character: There is no åŠ¨ in font nullfont!
Missing character: There is no åŠ› in font nullfont!
Missing character: There is no ã€‚ in font nullfont!

! LaTeX Error: \begin{document} ended by \end{acknowledgement}.

See the LaTeX manual or LaTeX Companion for explanation.
Type  H <return>  for immediate help.
 ...                                              
                                                  
l.6 \end{acknowledgement}
                         
Your command was ignored.
Type  I <command> <return>  to replace it with another command,
or  <return>  to continue without it.

)
! Emergency stop.
<*> ./acknowledgement.tex
                         
*** (job aborted, no legal \end found)

 
Here is how much of TeX's memory you used:
 6 strings out of 493005
 109 string characters out of 6137957
 61634 words of memory out of 5000000
 4079 multiletter control sequences out of 15000+600000
 3640 words of font info for 14 fonts, out of 8000000 for 9000
 1348 hyphenation exceptions out of 8191
 6i,0n,6p,136b,19s stack positions out of 5000i,500n,10000p,200000b,80000s
No pages of output.
