This is XeTeX, Version 3.14159265-2.6-0.99998 (TeX Live 2017/W32TeX) (preloaded format=xelatex 2018.5.9)  16 MAY 2018 20:50
entering extended mode
 restricted \write18 enabled.
 %&-line parsing enabled.
**./conclusion_future_work.tex
(./conclusion_future_work.tex
LaTeX2e <2017-04-15>
Babel <3.10> and hyphenation patterns for 84 language(s) loaded.
! Undefined control sequence.
l.1 \chapter
            {ç»“è®ºä¸æœªæ¥å·¥ä½œ}
The control sequence at the end of the top line
of your error message was never \def'ed. If you have
misspelled it (e.g., `\hobx'), type `I' and the correct
spelling (e.g., `I\hbox'). Otherwise just continue,
and I'll forget about whatever was undefined.


! LaTeX Error: Missing \begin{document}.

See the LaTeX manual or LaTeX Companion for explanation.
Type  H <return>  for immediate help.
 ...                                              
                                                  
l.1 \chapter{ç»“
                è®ºä¸æœªæ¥å·¥ä½œ}
You're in trouble here.  Try typing  <return>  to proceed.
If that doesn't work, type  X <return>  to quit.

Missing character: There is no ç»“ in font nullfont!
Missing character: There is no è®º in font nullfont!
Missing character: There is no ä¸ in font nullfont!
Missing character: There is no æœª in font nullfont!
Missing character: There is no æ¥ in font nullfont!
Missing character: There is no å·¥ in font nullfont!
Missing character: There is no ä½œ in font nullfont!

Overfull \hbox (20.0pt too wide) in paragraph at lines 1--2
[] 
 []


! LaTeX Error: Missing \begin{document}.

See the LaTeX manual or LaTeX Companion for explanation.
Type  H <return>  for immediate help.
 ...                                              
                                                  
l.2 \par R
          edis Listå‘½ä»¤çš„OTå‡½æ•°è®¾è®¡ç»è¿‡éªŒè¯æ˜¯æˆåŠŸçš„ï¼Œå…¶æ»¡è...

You're in trouble here.  Try typing  <return>  to proceed.
If that doesn't work, type  X <return>  to quit.

Missing character: There is no R in font nullfont!
Missing character: There is no e in font nullfont!
Missing character: There is no d in font nullfont!
Missing character: There is no i in font nullfont!
Missing character: There is no s in font nullfont!
Missing character: There is no L in font nullfont!
Missing character: There is no i in font nullfont!
Missing character: There is no s in font nullfont!
Missing character: There is no t in font nullfont!
Missing character: There is no å‘½ in font nullfont!
Missing character: There is no ä»¤ in font nullfont!
Missing character: There is no çš„ in font nullfont!
Missing character: There is no O in font nullfont!
Missing character: There is no T in font nullfont!
Missing character: There is no å‡½ in font nullfont!
Missing character: There is no æ•° in font nullfont!
Missing character: There is no è®¾ in font nullfont!
Missing character: There is no è®¡ in font nullfont!
Missing character: There is no ç» in font nullfont!
Missing character: There is no è¿‡ in font nullfont!
Missing character: There is no éªŒ in font nullfont!
Missing character: There is no è¯ in font nullfont!
Missing character: There is no æ˜¯ in font nullfont!
Missing character: There is no æˆ in font nullfont!
Missing character: There is no åŠŸ in font nullfont!
Missing character: There is no çš„ in font nullfont!
Missing character: There is no ï¼Œ in font nullfont!
Missing character: There is no å…¶ in font nullfont!
Missing character: There is no æ»¡ in font nullfont!
Missing character: There is no è¶³ in font nullfont!
Missing character: There is no C in font nullfont!
Missing character: There is no P in font nullfont!
Missing character: There is no 1 in font nullfont!
Missing character: There is no æ­£ in font nullfont!
Missing character: There is no ç¡® in font nullfont!
Missing character: There is no æ€§ in font nullfont!
Missing character: There is no ã€‚ in font nullfont!
! Undefined control sequence.
l.3 \section
            {å·¥ä½œæ€»ç»“}
The control sequence at the end of the top line
of your error message was never \def'ed. If you have
misspelled it (e.g., `\hobx'), type `I' and the correct
spelling (e.g., `I\hbox'). Otherwise just continue,
and I'll forget about whatever was undefined.

Missing character: There is no å·¥ in font nullfont!
Missing character: There is no ä½œ in font nullfont!
Missing character: There is no æ€» in font nullfont!
Missing character: There is no ç»“ in font nullfont!

Overfull \hbox (20.0pt too wide) in paragraph at lines 2--4
[]
 []

! Undefined control sequence.
l.5 \section
            {ç ”ç©¶å±•æœ›}
The control sequence at the end of the top line
of your error message was never \def'ed. If you have
misspelled it (e.g., `\hobx'), type `I' and the correct
spelling (e.g., `I\hbox'). Otherwise just continue,
and I'll forget about whatever was undefined.


! LaTeX Error: Missing \begin{document}.

See the LaTeX manual or LaTeX Companion for explanation.
Type  H <return>  for immediate help.
 ...                                              
                                                  
l.5 \section{ç ”
                ç©¶å±•æœ›}
You're in trouble here.  Try typing  <return>  to proceed.
If that doesn't work, type  X <return>  to quit.

Missing character: There is no ç ” in font nullfont!
Missing character: There is no ç©¶ in font nullfont!
Missing character: There is no å±• in font nullfont!
Missing character: There is no æœ› in font nullfont!
Missing character: There is no éªŒ in font nullfont!
Missing character: There is no è¯ in font nullfont!
Missing character: There is no æ‰€ in font nullfont!
Missing character: There is no è®¾ in font nullfont!
Missing character: There is no è®¡ in font nullfont!
Missing character: There is no çš„ in font nullfont!
Missing character: There is no O in font nullfont!
Missing character: There is no T in font nullfont!
Missing character: There is no å‡½ in font nullfont!
Missing character: There is no æ•° in font nullfont!
Missing character: There is no æ­£ in font nullfont!
Missing character: There is no ç¡® in font nullfont!
Missing character: There is no æ€§ in font nullfont!
Missing character: There is no åª in font nullfont!
Missing character: There is no æ˜¯ in font nullfont!
Missing character: There is no ä¸€ in font nullfont!
Missing character: There is no ä¸ª in font nullfont!
Missing character: There is no èµ· in font nullfont!
Missing character: There is no ç‚¹ in font nullfont!
Missing character: There is no ï¼Œ in font nullfont!
Missing character: There is no è¦ in font nullfont!
Missing character: There is no çœŸ in font nullfont!
Missing character: There is no æ­£ in font nullfont!
Missing character: There is no èƒ½ in font nullfont!
Missing character: There is no å¤Ÿ in font nullfont!
Missing character: There is no åœ¨ in font nullfont!
Missing character: There is no R in font nullfont!
Missing character: There is no e in font nullfont!
Missing character: There is no d in font nullfont!
Missing character: There is no i in font nullfont!
Missing character: There is no s in font nullfont!
Missing character: There is no ç³» in font nullfont!
Missing character: There is no ç»Ÿ in font nullfont!
Missing character: There is no ä¸­ in font nullfont!
Missing character: There is no å® in font nullfont!
Missing character: There is no ç° in font nullfont!
Missing character: There is no L in font nullfont!
Missing character: There is no i in font nullfont!
Missing character: There is no s in font nullfont!
Missing character: There is no t in font nullfont!
Missing character: There is no çš„ in font nullfont!
Missing character: There is no O in font nullfont!
Missing character: There is no T in font nullfont!
Missing character: There is no å‡½ in font nullfont!
Missing character: There is no æ•° in font nullfont!
Missing character: There is no ï¼Œ in font nullfont!
Missing character: There is no è¿˜ in font nullfont!
Missing character: There is no æœ‰ in font nullfont!
Missing character: There is no è®¸ in font nullfont!
Missing character: There is no å¤š in font nullfont!
Missing character: There is no å·¥ in font nullfont!
Missing character: There is no ä½œ in font nullfont!
Missing character: There is no äºŸ in font nullfont!
Missing character: There is no å¾… in font nullfont!
Missing character: There is no å®Œ in font nullfont!
Missing character: There is no æˆ in font nullfont!
Missing character: There is no ã€‚ in font nullfont!
Missing character: There is no ç”± in font nullfont!
Missing character: There is no äº in font nullfont!
Missing character: There is no R in font nullfont!
Missing character: There is no e in font nullfont!
Missing character: There is no i in font nullfont!
Missing character: There is no d in font nullfont!
Missing character: There is no s in font nullfont!
Missing character: There is no ç³» in font nullfont!
Missing character: There is no ç»Ÿ in font nullfont!
Missing character: There is no çš„ in font nullfont!
Missing character: There is no ä¸» in font nullfont!
Missing character: There is no ä» in font nullfont!
Missing character: There is no ç»“ in font nullfont!
Missing character: There is no æ„ in font nullfont!
Missing character: There is no å’Œ in font nullfont!
Missing character: There is no æˆ‘ in font nullfont!
Missing character: There is no ä»¬ in font nullfont!
Missing character: There is no çš„ in font nullfont!
Missing character: There is no è¦ in font nullfont!
Missing character: There is no æ±‚ in font nullfont!
Missing character: There is no ä¸ in font nullfont!
Missing character: There is no ç¬¦ in font nullfont!
Missing character: There is no åˆ in font nullfont!
Missing character: There is no ï¼Œ in font nullfont!
Missing character: There is no è¦ in font nullfont!
Missing character: There is no æƒ³ in font nullfont!
Missing character: There is no åœ¨ in font nullfont!
Missing character: There is no R in font nullfont!
Missing character: There is no e in font nullfont!
Missing character: There is no d in font nullfont!
Missing character: There is no i in font nullfont!
Missing character: There is no s in font nullfont!
Missing character: There is no ä¸­ in font nullfont!
Missing character: There is no å® in font nullfont!
Missing character: There is no ç° in font nullfont!
Missing character: There is no O in font nullfont!
Missing character: There is no T in font nullfont!
Missing character: There is no å‡½ in font nullfont!
Missing character: There is no æ•° in font nullfont!
Missing character: There is no ï¼Œ in font nullfont!
Missing character: There is no è¿˜ in font nullfont!
Missing character: There is no éœ€ in font nullfont!
Missing character: There is no è¦ in font nullfont!
Missing character: There is no ä¿® in font nullfont!
Missing character: There is no æ”¹ in font nullfont!
Missing character: There is no R in font nullfont!
Missing character: There is no e in font nullfont!
Missing character: There is no d in font nullfont!
Missing character: There is no i in font nullfont!
Missing character: There is no s in font nullfont!
Missing character: There is no çš„ in font nullfont!
Missing character: There is no ç³» in font nullfont!
Missing character: There is no ç»Ÿ in font nullfont!
Missing character: There is no é€š in font nullfont!
Missing character: There is no ä¿¡ in font nullfont!
Missing character: There is no æ¡† in font nullfont!
Missing character: There is no æ¶ in font nullfont!
Missing character: There is no ï¼Œ in font nullfont!
Missing character: There is no ä½¿ in font nullfont!
Missing character: There is no å…¶ in font nullfont!
Missing character: There is no å˜ in font nullfont!
Missing character: There is no ä¸º in font nullfont!
Missing character: There is no P in font nullfont!
Missing character: There is no 2 in font nullfont!
Missing character: There is no P in font nullfont!
Missing character: There is no çš„ in font nullfont!
Missing character: There is no é€š in font nullfont!
Missing character: There is no ä¿¡ in font nullfont!
Missing character: There is no ç»“ in font nullfont!
Missing character: There is no æ„ in font nullfont!
Missing character: There is no ã€‚ in font nullfont!
Missing character: There is no æ­¤ in font nullfont!
Missing character: There is no å¤– in font nullfont!
Missing character: There is no ï¼Œ in font nullfont!
Missing character: There is no ç”± in font nullfont!
Missing character: There is no äº in font nullfont!
Missing character: There is no åœ¨ in font nullfont!
Missing character: There is no æœ¬ in font nullfont!
Missing character: There is no æ¬¡ in font nullfont!
Missing character: There is no å® in font nullfont!
Missing character: There is no éªŒ in font nullfont!
Missing character: There is no çš„ in font nullfont!
Missing character: There is no T in font nullfont!
Missing character: There is no L in font nullfont!
Missing character: There is no A in font nullfont!
Missing character: There is no + in font nullfont!
Missing character: There is no ä»£ in font nullfont!
Missing character: There is no ç  in font nullfont!
Missing character: There is no ä¸­ in font nullfont!
Missing character: There is no å¤§ in font nullfont!
Missing character: There is no é‡ in font nullfont!
Missing character: There is no ä½¿ in font nullfont!
Missing character: There is no ç”¨ in font nullfont!
Missing character: There is no äº† in font nullfont!
Missing character: There is no é€’ in font nullfont!
Missing character: There is no å½’ in font nullfont!
Missing character: There is no çš„ in font nullfont!
Missing character: There is no å‡½ in font nullfont!
Missing character: There is no æ•° in font nullfont!
Missing character: There is no æˆ– in font nullfont!
Missing character: There is no è€… in font nullfont!
Missing character: There is no å®š in font nullfont!
Missing character: There is no ä¹‰ in font nullfont!
Missing character: There is no ï¼Œ in font nullfont!
Missing character: There is no ä½¿ in font nullfont!
Missing character: There is no å¾— in font nullfont!
Missing character: There is no å¯¹ in font nullfont!
Missing character: There is no äº in font nullfont!
Missing character: There is no ç¬¬ in font nullfont!
Missing character: There is no ä¸‰ in font nullfont!
Missing character: There is no ç±» in font nullfont!
Missing character: There is no å‡½ in font nullfont!
Missing character: There is no æ•° in font nullfont!
Missing character: There is no ä»¥ in font nullfont!
Missing character: There is no åŠ in font nullfont!
Missing character: There is no å…¨ in font nullfont!
Missing character: There is no éƒ¨ in font nullfont!
Missing character: There is no å‡½ in font nullfont!
Missing character: There is no æ•° in font nullfont!
Missing character: There is no æ­£ in font nullfont!
Missing character: There is no ç¡® in font nullfont!
Missing character: There is no æ€§ in font nullfont!
Missing character: There is no éªŒ in font nullfont!
Missing character: There is no è¯ in font nullfont!
Missing character: There is no çš„ in font nullfont!
Missing character: There is no è¿‡ in font nullfont!
Missing character: There is no ç¨‹ in font nullfont!
Missing character: There is no æ—¶ in font nullfont!
Missing character: There is no é—´ in font nullfont!
Missing character: There is no è¾ƒ in font nullfont!
Missing character: There is no é•¿ in font nullfont!
Missing character: There is no ï¼Œ in font nullfont!
Missing character: There is no æ•ˆ in font nullfont!
Missing character: There is no ç‡ in font nullfont!
Missing character: There is no è¾ƒ in font nullfont!
Missing character: There is no ä½ in font nullfont!
Missing character: There is no ï¼Œ in font nullfont!
Missing character: There is no ä»£ in font nullfont!
Missing character: There is no ç  in font nullfont!
Missing character: There is no è¿˜ in font nullfont!
Missing character: There is no å­˜ in font nullfont!
Missing character: There is no åœ¨ in font nullfont!
Missing character: There is no ç€ in font nullfont!
Missing character: There is no æ”¹ in font nullfont!
Missing character: There is no è¿› in font nullfont!
Missing character: There is no çš„ in font nullfont!
Missing character: There is no ç©º in font nullfont!
Missing character: There is no é—´ in font nullfont!
Missing character: There is no ã€‚ in font nullfont!
)
! Emergency stop.
<*> ./conclusion_future_work.tex
                                
*** (job aborted, no legal \end found)

 
Here is how much of TeX's memory you used:
 4 strings out of 493005
 104 string characters out of 6137957
 61634 words of memory out of 5000000
 4077 multiletter control sequences out of 15000+600000
 3640 words of font info for 14 fonts, out of 8000000 for 9000
 1348 hyphenation exceptions out of 8191
 5i,0n,4p,109b,16s stack positions out of 5000i,500n,10000p,200000b,80000s
No pages of output.
